<?xml version="1.0" encoding="UTF-8"?>
<coverage generated="1668340286">
  <project timestamp="1668340286">
    <file name="/var/www/html/phpProjects/newp/src/Add.php">
      <class name="Add" namespace="global">
        <metrics complexity="1" methods="1" coveredmethods="1" conditionals="0" coveredconditionals="0" statements="1" coveredstatements="1" elements="2" coveredelements="2"/>
      </class>
      <line num="15" type="method" name="add" visibility="public" complexity="1" crap="1" count="1"/>
      <line num="17" type="stmt" count="1"/>
      <metrics loc="19" ncloc="9" classes="1" methods="1" coveredmethods="1" conditionals="0" coveredconditionals="0" statements="1" coveredstatements="1" elements="2" coveredelements="2"/>
    </file>
    <file name="/var/www/html/phpProjects/newp/src/User.php">
      <class name="User" namespace="global">
        <metrics complexity="5" methods="4" coveredmethods="4" conditionals="0" coveredconditionals="0" statements="7" coveredstatements="7" elements="11" coveredelements="11"/>
      </class>
      <line num="7" type="method" name="__construct" visibility="private" complexity="1" crap="1" count="3"/>
      <line num="9" type="stmt" count="3"/>
      <line num="11" type="stmt" count="2"/>
      <line num="14" type="method" name="fromString" visibility="public" complexity="1" crap="1" count="3"/>
      <line num="16" type="stmt" count="3"/>
      <line num="19" type="method" name="__toString" visibility="public" complexity="1" crap="1" count="1"/>
      <line num="21" type="stmt" count="1"/>
      <line num="24" type="method" name="ensureIsValidEmail" visibility="private" complexity="2" crap="2" count="3"/>
      <line num="26" type="stmt" count="3"/>
      <line num="27" type="stmt" count="1"/>
      <line num="28" type="stmt" count="1"/>
      <metrics loc="35" ncloc="35" classes="1" methods="4" coveredmethods="4" conditionals="0" coveredconditionals="0" statements="7" coveredstatements="7" elements="11" coveredelements="11"/>
    </file>
    <metrics files="2" loc="54" ncloc="44" classes="2" methods="5" coveredmethods="5" conditionals="0" coveredconditionals="0" statements="8" coveredstatements="8" elements="13" coveredelements="13"/>
  </project>
</coverage>
